<?xml version="1.0" encoding="UTF-8"?>
<testsuite name="HelloLinkTest" tests="3" skipped="0" failures="0" errors="0" timestamp="2018-02-27T12:11:08" hostname="szoftver-aszucs" time="0.002">
  <properties/>
  <testcase name="multiplicationOfZeroIntegereShouldReturnZero" classname="HelloLinkTest" time="0.001"/>
  <testcase name="beforeAffectsTest" classname="HelloLinkTest" time="0.0"/>
  <testcase name="multiplicationOfZeroIntegereShouldReturnZeroWithMember" classname="HelloLinkTest" time="0.0"/>
  <system-out><![CDATA[]]></system-out>
  <system-err><![CDATA[]]></system-err>
</testsuite>
