<?xml version="1.0" encoding="UTF-8"?>
<testsuite name="HelloLinkAdvancedTests" tests="3" skipped="1" failures="0" errors="0" timestamp="2018-02-27T12:11:08" hostname="szoftver-aszucs" time="0.007">
  <properties/>
  <testcase name="IndexOutOfBoundsTest" classname="HelloLinkAdvancedTests" time="0.002"/>
  <testcase name="testWithTimeout" classname="HelloLinkAdvancedTests" time="0.001"/>
  <testcase name="testSame" classname="HelloLinkAdvancedTests" time="0.0">
    <skipped/>
  </testcase>
  <system-out><![CDATA[]]></system-out>
  <system-err><![CDATA[]]></system-err>
</testsuite>
