<?xml version="1.0" encoding="UTF-8"?>
<testsuite name="NetworkConnectionTest" tests="4" skipped="0" failures="0" errors="0" timestamp="2018-02-27T12:11:09" hostname="szoftver-aszucs" time="1.285">
  <properties/>
  <testcase name="HttpPostTestWithFakeObject" classname="NetworkConnectionTest" time="0.001"/>
  <testcase name="HttpRequestReturnsNullWithFakeUrl" classname="NetworkConnectionTest" time="0.0"/>
  <testcase name="HttpRequestReturnsNull" classname="NetworkConnectionTest" time="0.162"/>
  <testcase name="HttpRequestReturnsNotNull" classname="NetworkConnectionTest" time="1.122"/>
  <system-out><![CDATA[]]></system-out>
  <system-err><![CDATA[]]></system-err>
</testsuite>
