<?xml version="1.0" encoding="UTF-8"?>
<testsuite name="MathApplicationTester" tests="8" skipped="0" failures="0" errors="0" timestamp="2020-05-03T15:16:14" hostname="TINMAN" time="0.002">
  <properties/>
  <testcase name="testAdd" classname="MathApplicationTester" time="0.001"/>
  <testcase name="testSubtract" classname="MathApplicationTester" time="0.0"/>
  <testcase name="testRaiseRuntimeException" classname="MathApplicationTester" time="0.0"/>
  <testcase name="testMockCalculatorService" classname="MathApplicationTester" time="0.0"/>
  <testcase name="testDivide" classname="MathApplicationTester" time="0.0"/>
  <testcase name="testDivideWithParameter" classname="MathApplicationTester" time="0.0"/>
  <testcase name="testMultiple" classname="MathApplicationTester" time="0.001"/>
  <testcase name="testAdditionDifferent" classname="MathApplicationTester" time="0.0"/>
  <system-out><![CDATA[]]></system-out>
  <system-err><![CDATA[]]></system-err>
</testsuite>
